<?xml version="1.0" encoding="UTF-8"?>
<testsuite xmlns:xsi="http://www.w3.org/2001/XMLSchema-instance" xsi:noNamespaceSchemaLocation="https://maven.apache.org/surefire/maven-surefire-plugin/xsd/surefire-test-report.xsd" version="3.0.2" name="com.example.inimu_back.InimuBackApplicationTests" time="3.818" tests="2" errors="0" skipped="0" failures="0" flakes="0">
  <properties>
[...]
</properties>
  <testcase name="rootRedirectsToTodo" classname="com.example.inimu_back.InimuBackApplicationTests" time="0.122">
    <system-out><![CDATA[17:09:37.144 [main] INFO org.springframework.test.context.support.AnnotationConfigContextLoaderUtils -- Could not detect default configuration classes for test class [com.example.inimu_back.InimuBackApplicationTests]: InimuBackApplicationTests does not declare any static, non-private, non-final, nested classes annotated with @Configuration.
17:09:37.234 [main] INFO org.springframework.boot.test.context.SpringBootTestContextBootstrapper -- Found @SpringBootConfiguration com.example.inimu_back.InimuBackApplication for test class com.example.inimu_back.InimuBackApplicationTests
17:09:37.349 [main] INFO org.springframework.boot.devtools.restart.RestartApplicationListener -- Restart disabled due to context in which it is running

  .   ____          _            __ _ _
 /\\ / ___'_ __ _ _(_)_ __  __ _ \ \ \ \
( ( )\___ | '_ | '_| | '_ \/ _` | \ \ \ \
 \\/  ___)| |_)| | | | | || (_| |  ) ) ) )
  '  |____| .__|_| |_|_| |_\__, | / / / /
 =========|_|==============|___/=/_/_/_/

 :: Spring Boot ::               (v3.5.14)

2026-06-04T17:09:37.596+09:00  INFO 6280 --- [inimu_back] [           main] c.e.i.InimuBackApplicationTests          : Starting InimuBackApplicationTests using Java 25.0.2 with PID 6280 (started by EDIX人材開発事業部 in C:\academia\src\inimu_render_2\inimu_back\inimu_back)
2026-06-04T17:09:37.597+09:00  INFO 6280 --- [inimu_back] [           main] c.e.i.InimuBackApplicationTests          : No active profile set, falling back to 1 default profile: "default"
2026-06-04T17:09:38.131+09:00  INFO 6280 --- [inimu_back] [           main] .s.d.r.c.RepositoryConfigurationDelegate : Bootstrapping Spring Data JPA repositories in DEFAULT mode.
2026-06-04T17:09:38.179+09:00  INFO 6280 --- [inimu_back] [           main] .s.d.r.c.RepositoryConfigurationDelegate : Finished Spring Data repository scanning in 37 ms. Found 1 JPA repository interface.
2026-06-04T17:09:38.590+09:00  INFO 6280 --- [inimu_back] [           main] o.s.b.w.embedded.tomcat.TomcatWebServer  : Tomcat initialized with port 0 (http)
2026-06-04T17:09:38.602+09:00  INFO 6280 --- [inimu_back] [           main] o.apache.catalina.core.StandardService   : Starting service [Tomcat]
2026-06-04T17:09:38.603+09:00  INFO 6280 --- [inimu_back] [           main] o.apache.catalina.core.StandardEngine    : Starting Servlet engine: [Apache Tomcat/10.1.54]
2026-06-04T17:09:38.656+09:00  INFO 6280 --- [inimu_back] [           main] o.a.c.c.C.[Tomcat].[localhost].[/]       : Initializing Spring embedded WebApplicationContext
2026-06-04T17:09:38.657+09:00  INFO 6280 --- [inimu_back] [           main] w.s.c.ServletWebServerApplicationContext : Root WebApplicationContext: initialization completed in 1041 ms
2026-06-04T17:09:38.820+09:00  INFO 6280 --- [inimu_back] [           main] o.hibernate.jpa.internal.util.LogHelper  : HHH000204: Processing PersistenceUnitInfo [name: default]
2026-06-04T17:09:38.878+09:00  INFO 6280 --- [inimu_back] [           main] org.hibernate.Version                    : HHH000412: Hibernate ORM core version 6.6.49.Final
2026-06-04T17:09:38.907+09:00  INFO 6280 --- [inimu_back] [           main] o.h.c.internal.RegionFactoryInitiator    : HHH000026: Second-level cache disabled
2026-06-04T17:09:39.169+09:00  INFO 6280 --- [inimu_back] [           main] o.s.o.j.p.SpringPersistenceUnitInfo      : No LoadTimeWeaver setup: ignoring JPA class transformer
2026-06-04T17:09:39.196+09:00  INFO 6280 --- [inimu_back] [           main] com.zaxxer.hikari.HikariDataSource       : HikariPool-1 - Starting...
2026-06-04T17:09:39.364+09:00  INFO 6280 --- [inimu_back] [           main] com.zaxxer.hikari.pool.HikariPool        : HikariPool-1 - Added connection conn0: url=jdbc:h2:mem:inimudb user=SA
2026-06-04T17:09:39.366+09:00  INFO 6280 --- [inimu_back] [           main] com.zaxxer.hikari.HikariDataSource       : HikariPool-1 - Start completed.
2026-06-04T17:09:39.408+09:00  INFO 6280 --- [inimu_back] [           main] org.hibernate.orm.connections.pooling    : HHH10001005: Database info:
	Database JDBC URL [Connecting through datasource 'HikariDataSource (HikariPool-1)']
	Database driver: undefined/unknown
	Database version: 2.3.232
	Autocommit mode: undefined/unknown
	Isolation level: undefined/unknown
	Minimum pool size: undefined/unknown
	Maximum pool size: undefined/unknown
2026-06-04T17:09:40.008+09:00  INFO 6280 --- [inimu_back] [           main] o.h.e.t.j.p.i.JtaPlatformInitiator       : HHH000489: No JTA platform available (set 'hibernate.transaction.jta.platform' to enable JTA platform integration)
Hibernate: 
    create table reservations (
        id bigint generated by default as identity,
        created_at timestamp(6) not null,
        email varchar(100) not null,
        message varchar(1000),
        name varchar(50) not null,
        people integer not null,
        preferred_date varchar(100) not null,
        status varchar(20) not null,
        primary key (id)
    )
2026-06-04T17:09:40.068+09:00  INFO 6280 --- [inimu_back] [           main] j.LocalContainerEntityManagerFactoryBean : Initialized JPA EntityManagerFactory for persistence unit 'default'
2026-06-04T17:09:40.243+09:00  WARN 6280 --- [inimu_back] [           main] JpaBaseConfiguration$JpaWebConfiguration : spring.jpa.open-in-view is enabled by default. Therefore, database queries may be performed during view rendering. Explicitly configure spring.jpa.open-in-view to disable this warning
2026-06-04T17:09:40.264+09:00  INFO 6280 --- [inimu_back] [           main] o.s.b.a.w.s.WelcomePageHandlerMapping    : Adding welcome page: class path resource [static/index.html]
2026-06-04T17:09:40.527+09:00  INFO 6280 --- [inimu_back] [           main] o.s.b.a.h2.H2ConsoleAutoConfiguration    : H2 console available at '/h2-console'. Database available at 'jdbc:h2:mem:inimudb'
2026-06-04T17:09:40.711+09:00  INFO 6280 --- [inimu_back] [           main] o.s.b.w.embedded.tomcat.TomcatWebServer  : Tomcat started on port 63674 (http) with context path '/'
2026-06-04T17:09:40.717+09:00  INFO 6280 --- [inimu_back] [           main] c.e.i.InimuBackApplicationTests          : Started InimuBackApplicationTests in 3.377 seconds (process running for 4.088)
2026-06-04T17:09:40.783+09:00  INFO 6280 --- [inimu_back] [0-auto-1-exec-1] o.a.c.c.C.[Tomcat].[localhost].[/]       : Initializing Spring DispatcherServlet 'dispatcherServlet'
2026-06-04T17:09:40.784+09:00  INFO 6280 --- [inimu_back] [0-auto-1-exec-1] o.s.web.servlet.DispatcherServlet        : Initializing Servlet 'dispatcherServlet'
2026-06-04T17:09:40.784+09:00  INFO 6280 --- [inimu_back] [0-auto-1-exec-1] o.s.web.servlet.DispatcherServlet        : Completed initialization in 0 ms
]]></system-out>
  </testcase>
  <testcase name="contextLoads" classname="com.example.inimu_back.InimuBackApplicationTests" time="0.001"/>
</testsuite>